  pch.cpp
  Animation.cpp
  Animator.cpp
  BoxCollider.cpp
  BroadPhase.cpp
  Button.cpp
  CallInfo.cpp
  Camera.cpp
  CameraEffect.cpp
  CircleCollider.cpp
  Collider.cpp
  CollisionDefine.cpp
  CollisionManager.cpp
  Component.cpp
  DynamicTree.cpp
  Event.cpp
  EventManager.cpp
  FadeIn.cpp
  FadeOut.cpp
  Font.cpp
  FSMState.cpp
  컴파일하고 있습니다...
  GameObject.cpp
  GameplayStatics.cpp
  GameProcess.cpp
  Image.cpp
  ImageRenderer.cpp
  Input.cpp
  Manifold.cpp
  MonoBehaviour.cpp
  Panel.cpp
  PathManager.cpp
  PolygonCollider.cpp
  PrimitiveRenderer.cpp
  Renderer.cpp
  Resource.cpp
  ResourceManager.cpp
  Rigidbody.cpp
  Scene.cpp
  SceneManager.cpp
  Sound.cpp
  StateMachine.cpp
  컴파일하고 있습니다...
  TextRenderer.cpp
  TimeManager.cpp
  Transform.cpp
  UI.cpp
  UIManager.cpp
  Release\pch.obj을(를) 바꾸고 있습니다.
  GameEngine.vcxproj -> D:\GA5th2Q_Project\ZICO\5_Project\ZICO\Release\GameEngine.lib
